<?xml version="1.0" encoding="UTF-8"?>
<testsuite name="RationalTest" tests="7" skipped="0" failures="0" errors="0" timestamp="2021-09-07T11:13:47" hostname="LAPTOP-QBN6US0S" time="0.006">
  <properties/>
  <testcase name="testAdd" classname="RationalTest" time="0.001"/>
  <testcase name="testSubtract" classname="RationalTest" time="0.0"/>
  <testcase name="testToString" classname="RationalTest" time="0.004"/>
  <testcase name="testCompareTo" classname="RationalTest" time="0.0"/>
  <testcase name="testDivide" classname="RationalTest" time="0.0"/>
  <testcase name="testEquals" classname="RationalTest" time="0.0"/>
  <testcase name="testMultiply" classname="RationalTest" time="0.0"/>
  <system-out><![CDATA[]]></system-out>
  <system-err><![CDATA[]]></system-err>
</testsuite>
